<?xml version="1.0" encoding="UTF-8"?>
<testsuite name="com.umc.carrotmarket.CarrotMarketApplicationTests" tests="1" skipped="0" failures="0" errors="0" timestamp="2023-06-03T17:02:21" hostname="DESKTOP-0A9UNJB" time="0.472">
  <properties/>
  <testcase name="contextLoads()" classname="com.umc.carrotmarket.CarrotMarketApplicationTests" time="0.472"/>
  <system-out><![CDATA[02:02:19.617 [Test worker] DEBUG org.springframework.test.context.BootstrapUtils - Instantiating CacheAwareContextLoaderDelegate from class [org.springframework.test.context.cache.DefaultCacheAwareContextLoaderDelegate]
02:02:19.626 [Test worker] DEBUG org.springframework.test.context.BootstrapUtils - Instantiating BootstrapContext using constructor [public org.springframework.test.context.support.DefaultBootstrapContext(java.lang.Class,org.springframework.test.context.CacheAwareContextLoaderDelegate)]
02:02:19.654 [Test worker] DEBUG org.springframework.test.context.BootstrapUtils - Instantiating TestContextBootstrapper for test class [com.umc.carrotmarket.CarrotMarketApplicationTests] from class [org.springframework.boot.test.context.SpringBootTestContextBootstrapper]
02:02:19.664 [Test worker] INFO org.springframework.boot.test.context.SpringBootTestContextBootstrapper - Neither @ContextConfiguration nor @ContextHierarchy found for test class [com.umc.carrotmarket.CarrotMarketApplicationTests], using SpringBootContextLoader
02:02:19.668 [Test worker] DEBUG org.springframework.test.context.support.AbstractContextLoader - Did not detect default resource location for test class [com.umc.carrotmarket.CarrotMarketApplicationTests]: class path resource [com/umc/carrotmarket/CarrotMarketApplicationTests-context.xml] does not exist
02:02:19.668 [Test worker] DEBUG org.springframework.test.context.support.AbstractContextLoader - Did not detect default resource location for test class [com.umc.carrotmarket.CarrotMarketApplicationTests]: class path resource [com/umc/carrotmarket/CarrotMarketApplicationTestsContext.groovy] does not exist
02:02:19.669 [Test worker] INFO org.springframework.test.context.support.AbstractContextLoader - Could not detect default resource locations for test class [com.umc.carrotmarket.CarrotMarketApplicationTests]: no resource found for suffixes {-context.xml, Context.groovy}.
02:02:19.669 [Test worker] INFO org.springframework.test.context.support.AnnotationConfigContextLoaderUtils - Could not detect default configuration classes for test class [com.umc.carrotmarket.CarrotMarketApplicationTests]: CarrotMarketApplicationTests does not declare any static, non-private, non-final, nested classes annotated with @Configuration.
02:02:19.702 [Test worker] DEBUG org.springframework.test.context.support.ActiveProfilesUtils - Could not find an 'annotation declaring class' for annotation type [org.springframework.test.context.ActiveProfiles] and class [com.umc.carrotmarket.CarrotMarketApplicationTests]
02:02:19.752 [Test worker] DEBUG org.springframework.context.annotation.ClassPathScanningCandidateComponentProvider - Identified candidate component class: file [C:\Users\hyun1\Desktop\UMC\CarrotMarket\build\classes\java\main\com\umc\carrotmarket\CarrotMarketApplication.class]
02:02:19.753 [Test worker] INFO org.springframework.boot.test.context.SpringBootTestContextBootstrapper - Found @SpringBootConfiguration com.umc.carrotmarket.CarrotMarketApplication for test class com.umc.carrotmarket.CarrotMarketApplicationTests
02:02:19.839 [Test worker] DEBUG org.springframework.boot.test.context.SpringBootTestContextBootstrapper - @TestExecutionListeners is not present for class [com.umc.carrotmarket.CarrotMarketApplicationTests]: using defaults.
02:02:19.839 [Test worker] INFO org.springframework.boot.test.context.SpringBootTestContextBootstrapper - Loaded default TestExecutionListener class names from location [META-INF/spring.factories]: [org.springframework.boot.test.autoconfigure.restdocs.RestDocsTestExecutionListener, org.springframework.boot.test.autoconfigure.web.client.MockRestServiceServerResetTestExecutionListener, org.springframework.boot.test.autoconfigure.web.servlet.MockMvcPrintOnlyOnFailureTestExecutionListener, org.springframework.boot.test.autoconfigure.web.servlet.WebDriverTestExecutionListener, org.springframework.boot.test.autoconfigure.webservices.client.MockWebServiceServerTestExecutionListener, org.springframework.boot.test.mock.mockito.MockitoTestExecutionListener, org.springframework.boot.test.mock.mockito.ResetMocksTestExecutionListener, org.springframework.test.context.web.ServletTestExecutionListener, org.springframework.test.context.support.DirtiesContextBeforeModesTestExecutionListener, org.springframework.test.context.event.ApplicationEventsTestExecutionListener, org.springframework.test.context.support.DependencyInjectionTestExecutionListener, org.springframework.test.context.support.DirtiesContextTestExecutionListener, org.springframework.test.context.transaction.TransactionalTestExecutionListener, org.springframework.test.context.jdbc.SqlScriptsTestExecutionListener, org.springframework.test.context.event.EventPublishingTestExecutionListener]
02:02:19.861 [Test worker] INFO org.springframework.boot.test.context.SpringBootTestContextBootstrapper - Using TestExecutionListeners: [org.springframework.test.context.web.ServletTestExecutionListener@3dddbe65, org.springframework.test.context.support.DirtiesContextBeforeModesTestExecutionListener@49a64d82, org.springframework.test.context.event.ApplicationEventsTestExecutionListener@344561e0, org.springframework.boot.test.mock.mockito.MockitoTestExecutionListener@66d23e4a, org.springframework.boot.test.autoconfigure.SpringBootDependencyInjectionTestExecutionListener@36ac8a63, org.springframework.test.context.support.DirtiesContextTestExecutionListener@4d9d1b69, org.springframework.test.context.transaction.TransactionalTestExecutionListener@52c8295b, org.springframework.test.context.jdbc.SqlScriptsTestExecutionListener@251f7d26, org.springframework.test.context.event.EventPublishingTestExecutionListener@77b21474, org.springframework.boot.test.autoconfigure.restdocs.RestDocsTestExecutionListener@52d10fb8, org.springframework.boot.test.autoconfigure.web.client.MockRestServiceServerResetTestExecutionListener@41c07648, org.springframework.boot.test.autoconfigure.web.servlet.MockMvcPrintOnlyOnFailureTestExecutionListener@1fe8d51b, org.springframework.boot.test.autoconfigure.web.servlet.WebDriverTestExecutionListener@781e7326, org.springframework.boot.test.autoconfigure.webservices.client.MockWebServiceServerTestExecutionListener@22680f52, org.springframework.boot.test.mock.mockito.ResetMocksTestExecutionListener@60d84f61]
02:02:19.864 [Test worker] DEBUG org.springframework.test.context.support.AbstractDirtiesContextTestExecutionListener - Before test class: context [DefaultTestContext@1804f60d testClass = CarrotMarketApplicationTests, testInstance = [null], testMethod = [null], testException = [null], mergedContextConfiguration = [WebMergedContextConfiguration@3a80515c testClass = CarrotMarketApplicationTests, locations = '{}', classes = '{class com.umc.carrotmarket.CarrotMarketApplication}', contextInitializerClasses = '[]', activeProfiles = '{}', propertySourceLocations = '{}', propertySourceProperties = '{org.springframework.boot.test.context.SpringBootTestContextBootstrapper=true}', contextCustomizers = set[org.springframework.boot.test.autoconfigure.actuate.metrics.MetricsExportContextCustomizerFactory$DisableMetricExportContextCustomizer@478ee483, org.springframework.boot.test.autoconfigure.properties.PropertyMappingContextCustomizer@0, org.springframework.boot.test.autoconfigure.web.servlet.WebDriverContextCustomizerFactory$Customizer@4a891c97, org.springframework.boot.test.context.filter.ExcludeFilterContextCustomizer@2313052e, org.springframework.boot.test.json.DuplicateJsonObjectContextCustomizerFactory$DuplicateJsonObjectContextCustomizer@52045dbe, org.springframework.boot.test.mock.mockito.MockitoContextCustomizer@0, org.springframework.boot.test.web.client.TestRestTemplateContextCustomizer@10c626be, org.springframework.boot.test.context.SpringBootTestArgs@1, org.springframework.boot.test.context.SpringBootTestWebEnvironment@13df2a8c], resourceBasePath = 'src/main/webapp', contextLoader = 'org.springframework.boot.test.context.SpringBootContextLoader', parent = [null]], attributes = map['org.springframework.test.context.web.ServletTestExecutionListener.activateListener' -> true]], class annotated with @DirtiesContext [false] with mode [null].

  .   ____          _            __ _ _
 /\\ / ___'_ __ _ _(_)_ __  __ _ \ \ \ \
( ( )\___ | '_ | '_| | '_ \/ _` | \ \ \ \
 \\/  ___)| |_)| | | | | || (_| |  ) ) ) )
  '  |____| .__|_| |_|_| |_\__, | / / / /
 =========|_|==============|___/=/_/_/_/
 :: Spring Boot ::               (v2.7.11)

2023-06-04 02:02:20.216  INFO 18224 --- [    Test worker] c.u.c.CarrotMarketApplicationTests       : Starting CarrotMarketApplicationTests using Java 11.0.17 on DESKTOP-0A9UNJB with PID 18224 (started by hyun1 in C:\Users\hyun1\Desktop\UMC\CarrotMarket)
2023-06-04 02:02:20.217  INFO 18224 --- [    Test worker] c.u.c.CarrotMarketApplicationTests       : No active profile set, falling back to 1 default profile: "default"
2023-06-04 02:02:21.878  INFO 18224 --- [    Test worker] c.u.c.CarrotMarketApplicationTests       : Started CarrotMarketApplicationTests in 1.981 seconds (JVM running for 3.285)
]]></system-out>
  <system-err><![CDATA[]]></system-err>
</testsuite>
